<?xml version="1.0" encoding="UTF-8"?>
<!-- Generated by org.testng.reporters.JUnitReportReporter -->
<testsuite hostname="IBM-9HWTPM3" name="IBM.testng.softassertionexample" tests="1" failures="0" timestamp="20 Jun 2022 06:56:55 GMT" time="0.013" errors="0">
  <testcase name="hardassert" time="0.013" classname="IBM.testng.softassertionexample"/>
</testsuite> <!-- IBM.testng.softassertionexample -->
