<?xml version="1.0" encoding="UTF-8"?>
<!-- Generated by org.testng.reporters.JUnitReportReporter -->
<testsuite hostname="IBM-9HWTPM3" name="IBM.testng.testngexample" tests="1" failures="0" timestamp="17 Jun 2022 04:42:58 GMT" time="0.007" errors="0">
  <testcase name="testcase1" time="0.007" classname="IBM.testng.testngexample"/>
</testsuite> <!-- IBM.testng.testngexample -->
