<?xml version="1.0" encoding="UTF-8"?>
<!-- Generated by org.testng.reporters.JUnitReportReporter -->
<testsuite hostname="IBM-9HWTPM3" name="IBM.testng.assessment" tests="1" failures="0" timestamp="20 Jun 2022 11:46:37 GMT" time="22.474" errors="0">
  <testcase name="testcase1" time="22.474" classname="IBM.testng.assessment"/>
</testsuite> <!-- IBM.testng.assessment -->
